<?xml version="1.0" encoding="UTF-8"?>
<robot generator="Robot 3.0.2 (Python 3.6.4 on win32)" generated="20180126 10:04:30.542">
<suite id="s1" name="buscarManzana" source="C:\Users\michael\Documents\testing\web\tests\buscarManzana.robot">
<test id="s1-t1" name="Buscar Manzana">
<kw name="Abrir navegador">
<kw name="Open Browser" library="Selenium2Library">
<doc>Opens a new browser instance to the given ``url``.</doc>
<arguments>
<arg>${URL}</arg>
<arg>${BROWSER}</arg>
</arguments>
<msg timestamp="20180126 10:04:30.738" level="INFO">Opening browser 'Chrome' to base url 'https://www.google.com/'.</msg>
<status status="PASS" starttime="20180126 10:04:30.738" endtime="20180126 10:04:42.014"></status>
</kw>
<kw name="Maximize Browser Window" library="Selenium2Library">
<doc>Maximizes current browser window.</doc>
<status status="PASS" starttime="20180126 10:04:42.015" endtime="20180126 10:04:43.329"></status>
</kw>
<kw name="Set Selenium Speed" library="Selenium2Library">
<doc>Sets the delay that is waited after each Selenium command.</doc>
<arguments>
<arg>${DELAY}</arg>
</arguments>
<status status="PASS" starttime="20180126 10:04:43.330" endtime="20180126 10:04:43.330"></status>
</kw>
<status status="PASS" starttime="20180126 10:04:30.738" endtime="20180126 10:04:43.330"></status>
</kw>
<kw name="Introducir busqueda">
<kw name="Input Text" library="Selenium2Library">
<doc>Types the given ``text`` into text field identified by ``locator``.</doc>
<arguments>
<arg>${txb1}</arg>
<arg>${criterio}</arg>
</arguments>
<msg timestamp="20180126 10:04:43.332" level="INFO">Typing text 'Manzana' into text field 'id=lst-ib'.</msg>
<status status="PASS" starttime="20180126 10:04:43.332" endtime="20180126 10:04:46.496"></status>
</kw>
<status status="PASS" starttime="20180126 10:04:43.332" endtime="20180126 10:04:46.497"></status>
</kw>
<kw name="Click buscar">
<doc>Click on Buscar Con Google Button.</doc>
<kw name="Click Button" library="Selenium2Library">
<doc>Clicks button identified by ``locator``.</doc>
<arguments>
<arg>${btn1}</arg>
</arguments>
<msg timestamp="20180126 10:04:46.501" level="INFO">Clicking button 'name=btnK'.</msg>
<status status="PASS" starttime="20180126 10:04:46.500" endtime="20180126 10:04:53.214"></status>
</kw>
<status status="PASS" starttime="20180126 10:04:46.499" endtime="20180126 10:04:53.214"></status>
</kw>
<status status="PASS" starttime="20180126 10:04:30.737" endtime="20180126 10:04:53.216" critical="yes"></status>
</test>
<doc>prueba de busqueda en gooogle.</doc>
<status status="PASS" starttime="20180126 10:04:30.544" endtime="20180126 10:04:53.224"></status>
</suite>
<statistics>
<total>
<stat pass="1" fail="0">Critical Tests</stat>
<stat pass="1" fail="0">All Tests</stat>
</total>
<tag>
</tag>
<suite>
<stat pass="1" fail="0" id="s1" name="buscarManzana">buscarManzana</stat>
</suite>
</statistics>
<errors>
</errors>
</robot>
